{"/sessions/epic-nice-hopper/mnt/Modulær salgsløsning/Workflow module/src/logger.ts": {"path":"/sessions/epic-nice-hopper/mnt/Modulær salgsløsning/Workflow module/src/logger.ts","statementMap":{"0":{"start":{"line":2,"column":0},"end":{"line":2,"column":30}},"1":{"start":{"line":4,"column":15},"end":{"line":11,"column":2}},"2":{"start":{"line":13,"column":0},"end":{"line":13,"column":22}}},"fnMap":{},"branchMap":{"0":{"loc":{"start":{"line":5,"column":9},"end":{"line":5,"column":40}},"type":"binary-expr","locations":[{"start":{"line":5,"column":9},"end":{"line":5,"column":30}},{"start":{"line":5,"column":34},"end":{"line":5,"column":40}}]}},"s":{"0":2,"1":2,"2":2},"f":{},"b":{"0":[2,2]}}
,"/sessions/epic-nice-hopper/mnt/Modulær salgsløsning/Workflow module/src/gateway/gateway-client.ts": {"path":"/sessions/epic-nice-hopper/mnt/Modulær salgsløsning/Workflow module/src/gateway/gateway-client.ts","statementMap":{"0":{"start":{"line":2,"column":0},"end":{"line":2,"column":26}},"1":{"start":{"line":3,"column":0},"end":{"line":3,"column":31}},"2":{"start":{"line":8,"column":4},"end":{"line":8,"column":19}},"3":{"start":{"line":7,"column":38},"end":{"line":7,"column":56}},"4":{"start":{"line":9,"column":4},"end":{"line":9,"column":31}},"5":{"start":{"line":6,"column":0},"end":{"line":6,"column":13}},"6":{"start":{"line":13,"column":32},"end":{"line":17,"column":2}},"7":{"start":{"line":19,"column":27},"end":{"line":32,"column":2}},"8":{"start":{"line":35,"column":22},"end":{"line":35,"column":37}},"9":{"start":{"line":35,"column":47},"end":{"line":35,"column":61}},"10":{"start":{"line":38,"column":4},"end":{"line":41,"column":5}},"11":{"start":{"line":39,"column":6},"end":{"line":39,"column":103}},"12":{"start":{"line":40,"column":6},"end":{"line":40,"column":24}},"13":{"start":{"line":43,"column":18},"end":{"line":43,"column":28}},"14":{"start":{"line":44,"column":4},"end":{"line":56,"column":5}},"15":{"start":{"line":45,"column":23},"end":{"line":48,"column":8}},"16":{"start":{"line":49,"column":6},"end":{"line":49,"column":119}},"17":{"start":{"line":50,"column":6},"end":{"line":50,"column":27}},"18":{"start":{"line":52,"column":6},"end":{"line":54,"column":7}},"19":{"start":{"line":53,"column":8},"end":{"line":53,"column":95}},"20":{"start":{"line":55,"column":6},"end":{"line":55,"column":16}},"21":{"start":{"line":60,"column":4},"end":{"line":63,"column":5}},"22":{"start":{"line":61,"column":6},"end":{"line":61,"column":91}},"23":{"start":{"line":62,"column":6},"end":{"line":62,"column":27}},"24":{"start":{"line":65,"column":18},"end":{"line":65,"column":28}},"25":{"start":{"line":66,"column":4},"end":{"line":77,"column":5}},"26":{"start":{"line":67,"column":23},"end":{"line":69,"column":8}},"27":{"start":{"line":70,"column":6},"end":{"line":70,"column":122}},"28":{"start":{"line":71,"column":6},"end":{"line":71,"column":27}},"29":{"start":{"line":73,"column":6},"end":{"line":75,"column":7}},"30":{"start":{"line":74,"column":8},"end":{"line":74,"column":95}},"31":{"start":{"line":76,"column":6},"end":{"line":76,"column":16}},"32":{"start":{"line":34,"column":0},"end":{"line":34,"column":13}}},"fnMap":{"0":{"name":"(anonymous_1)","decl":{"start":{"line":7,"column":2},"end":{"line":7,"column":14}},"loc":{"start":{"line":7,"column":56},"end":{"line":10,"column":3}}},"1":{"name":"(anonymous_2)","decl":{"start":{"line":35,"column":2},"end":{"line":35,"column":22}},"loc":{"start":{"line":35,"column":61},"end":{"line":35,"column":65}}},"2":{"name":"(anonymous_3)","decl":{"start":{"line":37,"column":2},"end":{"line":37,"column":7}},"loc":{"start":{"line":37,"column":81},"end":{"line":57,"column":3}}},"3":{"name":"(anonymous_4)","decl":{"start":{"line":59,"column":2},"end":{"line":59,"column":7}},"loc":{"start":{"line":59,"column":41},"end":{"line":78,"column":3}}}},"branchMap":{"0":{"loc":{"start":{"line":38,"column":4},"end":{"line":41,"column":5}},"type":"if","locations":[{"start":{"line":38,"column":4},"end":{"line":41,"column":5}}]},"1":{"loc":{"start":{"line":52,"column":6},"end":{"line":54,"column":7}},"type":"if","locations":[{"start":{"line":52,"column":6},"end":{"line":54,"column":7}}]},"2":{"loc":{"start":{"line":52,"column":10},"end":{"line":52,"column":49}},"type":"binary-expr","locations":[{"start":{"line":52,"column":10},"end":{"line":52,"column":33}},{"start":{"line":52,"column":37},"end":{"line":52,"column":49}}]},"3":{"loc":{"start":{"line":60,"column":4},"end":{"line":63,"column":5}},"type":"if","locations":[{"start":{"line":60,"column":4},"end":{"line":63,"column":5}}]},"4":{"loc":{"start":{"line":73,"column":6},"end":{"line":75,"column":7}},"type":"if","locations":[{"start":{"line":73,"column":6},"end":{"line":75,"column":7}}]},"5":{"loc":{"start":{"line":73,"column":10},"end":{"line":73,"column":49}},"type":"binary-expr","locations":[{"start":{"line":73,"column":10},"end":{"line":73,"column":33}},{"start":{"line":73,"column":37},"end":{"line":73,"column":49}}]}},"s":{"0":1,"1":1,"2":3,"3":3,"4":3,"5":1,"6":1,"7":1,"8":1,"9":1,"10":5,"11":2,"12":2,"13":3,"14":3,"15":3,"16":0,"17":0,"18":3,"19":2,"20":1,"21":2,"22":1,"23":1,"24":1,"25":1,"26":1,"27":0,"28":0,"29":1,"30":1,"31":0,"32":1},"f":{"0":3,"1":1,"2":5,"3":2},"b":{"0":[2],"1":[2],"2":[3,2],"3":[1],"4":[1],"5":[1,1]}}
,"/sessions/epic-nice-hopper/mnt/Modulær salgsløsning/Workflow module/src/storage/report-store.ts": {"path":"/sessions/epic-nice-hopper/mnt/Modulær salgsløsning/Workflow module/src/storage/report-store.ts","statementMap":{"0":{"start":{"line":38,"column":0},"end":{"line":38,"column":16}},"1":{"start":{"line":50,"column":0},"end":{"line":50,"column":16}},"2":{"start":{"line":61,"column":0},"end":{"line":61,"column":16}},"3":{"start":{"line":73,"column":0},"end":{"line":73,"column":16}},"4":{"start":{"line":2,"column":0},"end":{"line":2,"column":20}},"5":{"start":{"line":3,"column":0},"end":{"line":3,"column":24}},"6":{"start":{"line":5,"column":0},"end":{"line":5,"column":31}},"7":{"start":{"line":16,"column":2},"end":{"line":16,"column":80}},"8":{"start":{"line":20,"column":2},"end":{"line":20,"column":47}},"9":{"start":{"line":24,"column":2},"end":{"line":24,"column":50}},"10":{"start":{"line":28,"column":2},"end":{"line":28,"column":14}},"11":{"start":{"line":29,"column":20},"end":{"line":29,"column":34}},"12":{"start":{"line":30,"column":2},"end":{"line":30,"column":43}},"13":{"start":{"line":30,"column":33},"end":{"line":30,"column":43}},"14":{"start":{"line":31,"column":2},"end":{"line":31,"column":72}},"15":{"start":{"line":35,"column":2},"end":{"line":35,"column":67}},"16":{"start":{"line":39,"column":2},"end":{"line":39,"column":14}},"17":{"start":{"line":40,"column":21},"end":{"line":40,"column":69}},"18":{"start":{"line":41,"column":2},"end":{"line":41,"column":64}},"19":{"start":{"line":43,"column":16},"end":{"line":43,"column":27}},"20":{"start":{"line":44,"column":2},"end":{"line":44,"column":103}},"21":{"start":{"line":45,"column":2},"end":{"line":45,"column":20}},"22":{"start":{"line":47,"column":2},"end":{"line":47,"column":96}},"23":{"start":{"line":51,"column":16},"end":{"line":51,"column":27}},"24":{"start":{"line":52,"column":16},"end":{"line":52,"column":31}},"25":{"start":{"line":53,"column":2},"end":{"line":53,"column":26}},"26":{"start":{"line":53,"column":14},"end":{"line":53,"column":26}},"27":{"start":{"line":55,"column":21},"end":{"line":55,"column":68}},"28":{"start":{"line":56,"column":2},"end":{"line":56,"column":46}},"29":{"start":{"line":56,"column":34},"end":{"line":56,"column":46}},"30":{"start":{"line":58,"column":2},"end":{"line":58,"column":78}},"31":{"start":{"line":65,"column":17},"end":{"line":65,"column":37}},"32":{"start":{"line":66,"column":2},"end":{"line":66,"column":27}},"33":{"start":{"line":66,"column":15},"end":{"line":66,"column":27}},"34":{"start":{"line":68,"column":2},"end":{"line":68,"column":25}},"35":{"start":{"line":69,"column":2},"end":{"line":69,"column":21}},"36":{"start":{"line":70,"column":2},"end":{"line":70,"column":16}},"37":{"start":{"line":74,"column":2},"end":{"line":74,"column":21}}},"fnMap":{"0":{"name":"getDataDir","decl":{"start":{"line":15,"column":9},"end":{"line":15,"column":19}},"loc":{"start":{"line":15,"column":19},"end":{"line":17,"column":1}}},"1":{"name":"getIndexPath","decl":{"start":{"line":19,"column":9},"end":{"line":19,"column":21}},"loc":{"start":{"line":19,"column":21},"end":{"line":21,"column":1}}},"2":{"name":"ensureDir","decl":{"start":{"line":23,"column":9},"end":{"line":23,"column":18}},"loc":{"start":{"line":23,"column":18},"end":{"line":25,"column":1}}},"3":{"name":"readIndex","decl":{"start":{"line":27,"column":9},"end":{"line":27,"column":18}},"loc":{"start":{"line":27,"column":18},"end":{"line":32,"column":1}}},"4":{"name":"writeIndex","decl":{"start":{"line":34,"column":9},"end":{"line":34,"column":19}},"loc":{"start":{"line":34,"column":38},"end":{"line":36,"column":1}}},"5":{"name":"saveReport","decl":{"start":{"line":38,"column":16},"end":{"line":38,"column":26}},"loc":{"start":{"line":38,"column":51},"end":{"line":48,"column":1}}},"6":{"name":"loadReport","decl":{"start":{"line":50,"column":16},"end":{"line":50,"column":26}},"loc":{"start":{"line":50,"column":43},"end":{"line":59,"column":1}}},"7":{"name":"updateReportStatus","decl":{"start":{"line":61,"column":16},"end":{"line":61,"column":34}},"loc":{"start":{"line":63,"column":36},"end":{"line":71,"column":1}}},"8":{"name":"listReports","decl":{"start":{"line":73,"column":16},"end":{"line":73,"column":27}},"loc":{"start":{"line":73,"column":27},"end":{"line":75,"column":1}}}},"branchMap":{"0":{"loc":{"start":{"line":16,"column":9},"end":{"line":16,"column":79}},"type":"binary-expr","locations":[{"start":{"line":16,"column":9},"end":{"line":16,"column":32}},{"start":{"line":16,"column":36},"end":{"line":16,"column":79}}]},"1":{"loc":{"start":{"line":30,"column":2},"end":{"line":30,"column":43}},"type":"if","locations":[{"start":{"line":30,"column":2},"end":{"line":30,"column":43}}]},"2":{"loc":{"start":{"line":53,"column":2},"end":{"line":53,"column":26}},"type":"if","locations":[{"start":{"line":53,"column":2},"end":{"line":53,"column":26}}]},"3":{"loc":{"start":{"line":56,"column":2},"end":{"line":56,"column":46}},"type":"if","locations":[{"start":{"line":56,"column":2},"end":{"line":56,"column":46}}]},"4":{"loc":{"start":{"line":66,"column":2},"end":{"line":66,"column":27}},"type":"if","locations":[{"start":{"line":66,"column":2},"end":{"line":66,"column":27}}]}},"s":{"0":1,"1":1,"2":1,"3":1,"4":1,"5":1,"6":1,"7":13,"8":5,"9":5,"10":3,"11":3,"12":3,"13":1,"14":2,"15":2,"16":2,"17":2,"18":2,"19":2,"20":2,"21":2,"22":2,"23":1,"24":1,"25":1,"26":0,"27":1,"28":1,"29":0,"30":1,"31":1,"32":1,"33":0,"34":1,"35":1,"36":1,"37":0},"f":{"0":13,"1":5,"2":5,"3":3,"4":2,"5":2,"6":1,"7":1,"8":0},"b":{"0":[13,0],"1":[1],"2":[0],"3":[0],"4":[0]}}
,"/sessions/epic-nice-hopper/mnt/Modulær salgsløsning/Workflow module/src/workflows/commission/aggregator.ts": {"path":"/sessions/epic-nice-hopper/mnt/Modulær salgsløsning/Workflow module/src/workflows/commission/aggregator.ts","statementMap":{"0":{"start":{"line":5,"column":0},"end":{"line":5,"column":16}},"1":{"start":{"line":6,"column":20},"end":{"line":6,"column":75}},"2":{"start":{"line":6,"column":64},"end":{"line":6,"column":73}},"3":{"start":{"line":8,"column":18},"end":{"line":8,"column":43}},"4":{"start":{"line":9,"column":2},"end":{"line":14,"column":3}},"5":{"start":{"line":10,"column":4},"end":{"line":10,"column":46}},"6":{"start":{"line":10,"column":37},"end":{"line":10,"column":46}},"7":{"start":{"line":11,"column":21},"end":{"line":11,"column":53}},"8":{"start":{"line":12,"column":4},"end":{"line":12,"column":24}},"9":{"start":{"line":13,"column":4},"end":{"line":13,"column":41}},"10":{"start":{"line":16,"column":37},"end":{"line":16,"column":39}},"11":{"start":{"line":18,"column":2},"end":{"line":51,"column":3}},"12":{"start":{"line":19,"column":19},"end":{"line":19,"column":42}},"13":{"start":{"line":21,"column":24},"end":{"line":21,"column":49}},"14":{"start":{"line":22,"column":4},"end":{"line":26,"column":5}},"15":{"start":{"line":23,"column":23},"end":{"line":23,"column":61}},"16":{"start":{"line":24,"column":6},"end":{"line":24,"column":26}},"17":{"start":{"line":25,"column":6},"end":{"line":25,"column":49}},"18":{"start":{"line":28,"column":44},"end":{"line":28,"column":46}},"19":{"start":{"line":29,"column":4},"end":{"line":37,"column":5}},"20":{"start":{"line":30,"column":25},"end":{"line":30,"column":90}},"21":{"start":{"line":30,"column":53},"end":{"line":30,"column":86}},"22":{"start":{"line":31,"column":6},"end":{"line":36,"column":9}},"23":{"start":{"line":39,"column":25},"end":{"line":39,"column":74}},"24":{"start":{"line":39,"column":56},"end":{"line":39,"column":70}},"25":{"start":{"line":40,"column":28},"end":{"line":40,"column":96}},"26":{"start":{"line":40,"column":59},"end":{"line":40,"column":92}},"27":{"start":{"line":42,"column":4},"end":{"line":50,"column":7}},"28":{"start":{"line":53,"column":2},"end":{"line":53,"column":16}}},"fnMap":{"0":{"name":"aggregateSalesByAgency","decl":{"start":{"line":5,"column":16},"end":{"line":5,"column":38}},"loc":{"start":{"line":5,"column":72},"end":{"line":54,"column":1}}},"1":{"name":"(anonymous_1)","decl":{"start":{"line":6,"column":57},"end":{"line":6,"column":58}},"loc":{"start":{"line":6,"column":64},"end":{"line":6,"column":73}}},"2":{"name":"(anonymous_2)","decl":{"start":{"line":30,"column":41},"end":{"line":30,"column":42}},"loc":{"start":{"line":30,"column":53},"end":{"line":30,"column":86}}},"3":{"name":"(anonymous_3)","decl":{"start":{"line":39,"column":44},"end":{"line":39,"column":45}},"loc":{"start":{"line":39,"column":56},"end":{"line":39,"column":70}}},"4":{"name":"(anonymous_4)","decl":{"start":{"line":40,"column":47},"end":{"line":40,"column":48}},"loc":{"start":{"line":40,"column":59},"end":{"line":40,"column":92}}}},"branchMap":{"0":{"loc":{"start":{"line":10,"column":4},"end":{"line":10,"column":46}},"type":"if","locations":[{"start":{"line":10,"column":4},"end":{"line":10,"column":46}}]},"1":{"loc":{"start":{"line":11,"column":21},"end":{"line":11,"column":53}},"type":"binary-expr","locations":[{"start":{"line":11,"column":21},"end":{"line":11,"column":47}},{"start":{"line":11,"column":51},"end":{"line":11,"column":53}}]},"2":{"loc":{"start":{"line":23,"column":23},"end":{"line":23,"column":61}},"type":"binary-expr","locations":[{"start":{"line":23,"column":23},"end":{"line":23,"column":55}},{"start":{"line":23,"column":59},"end":{"line":23,"column":61}}]},"3":{"loc":{"start":{"line":33,"column":22},"end":{"line":33,"column":61}},"type":"binary-expr","locations":[{"start":{"line":33,"column":22},"end":{"line":33,"column":47}},{"start":{"line":33,"column":51},"end":{"line":33,"column":61}}]},"4":{"loc":{"start":{"line":44,"column":18},"end":{"line":44,"column":42}},"type":"binary-expr","locations":[{"start":{"line":44,"column":18},"end":{"line":44,"column":30}},{"start":{"line":44,"column":34},"end":{"line":44,"column":42}}]},"5":{"loc":{"start":{"line":45,"column":20},"end":{"line":45,"column":46}},"type":"binary-expr","locations":[{"start":{"line":45,"column":20},"end":{"line":45,"column":40}},{"start":{"line":45,"column":44},"end":{"line":45,"column":46}}]}},"s":{"0":1,"1":6,"2":12,"3":6,"4":6,"5":61,"6":1,"7":60,"8":60,"9":60,"10":6,"11":6,"12":12,"13":12,"14":12,"15":60,"16":60,"17":60,"18":12,"19":12,"20":24,"21":60,"22":24,"23":12,"24":60,"25":12,"26":60,"27":12,"28":6},"f":{"0":6,"1":12,"2":60,"3":60,"4":60},"b":{"0":[1],"1":[60,12],"2":[60,24],"3":[24,0],"4":[12,0],"5":[12,0]}}
,"/sessions/epic-nice-hopper/mnt/Modulær salgsløsning/Workflow module/src/workflows/commission/po-exporter.ts": {"path":"/sessions/epic-nice-hopper/mnt/Modulær salgsløsning/Workflow module/src/workflows/commission/po-exporter.ts","statementMap":{"0":{"start":{"line":11,"column":0},"end":{"line":11,"column":16}},"1":{"start":{"line":2,"column":0},"end":{"line":2,"column":20}},"2":{"start":{"line":3,"column":0},"end":{"line":3,"column":24}},"3":{"start":{"line":5,"column":0},"end":{"line":5,"column":34}},"4":{"start":{"line":8,"column":2},"end":{"line":8,"column":80}},"5":{"start":{"line":12,"column":21},"end":{"line":12,"column":36}},"6":{"start":{"line":13,"column":2},"end":{"line":13,"column":48}},"7":{"start":{"line":15,"column":29},"end":{"line":27,"column":4}},"8":{"start":{"line":18,"column":48},"end":{"line":24,"column":6}},"9":{"start":{"line":29,"column":21},"end":{"line":29,"column":66}},"10":{"start":{"line":30,"column":2},"end":{"line":30,"column":66}},"11":{"start":{"line":32,"column":2},"end":{"line":32,"column":124}},"12":{"start":{"line":34,"column":2},"end":{"line":34,"column":18}}},"fnMap":{"0":{"name":"getExportsDir","decl":{"start":{"line":7,"column":9},"end":{"line":7,"column":22}},"loc":{"start":{"line":7,"column":22},"end":{"line":9,"column":1}}},"1":{"name":"generatePOExport","decl":{"start":{"line":11,"column":16},"end":{"line":11,"column":32}},"loc":{"start":{"line":11,"column":80},"end":{"line":35,"column":1}}},"2":{"name":"(anonymous_3)","decl":{"start":{"line":18,"column":35},"end":{"line":18,"column":36}},"loc":{"start":{"line":18,"column":48},"end":{"line":24,"column":6}}}},"branchMap":{"0":{"loc":{"start":{"line":8,"column":9},"end":{"line":8,"column":79}},"type":"binary-expr","locations":[{"start":{"line":8,"column":9},"end":{"line":8,"column":32}},{"start":{"line":8,"column":36},"end":{"line":8,"column":79}}]}},"s":{"0":1,"1":1,"2":1,"3":1,"4":1,"5":1,"6":1,"7":1,"8":2,"9":1,"10":1,"11":1,"12":1},"f":{"0":1,"1":1,"2":2},"b":{"0":[1,0]}}
,"/sessions/epic-nice-hopper/mnt/Modulær salgsløsning/Workflow module/src/workflows/commission/report-generator.ts": {"path":"/sessions/epic-nice-hopper/mnt/Modulær salgsløsning/Workflow module/src/workflows/commission/report-generator.ts","statementMap":{"0":{"start":{"line":8,"column":0},"end":{"line":8,"column":16}},"1":{"start":{"line":15,"column":0},"end":{"line":15,"column":16}},"2":{"start":{"line":25,"column":0},"end":{"line":25,"column":7}},"3":{"start":{"line":2,"column":0},"end":{"line":2,"column":36}},"4":{"start":{"line":4,"column":0},"end":{"line":4,"column":54}},"5":{"start":{"line":6,"column":0},"end":{"line":6,"column":34}},"6":{"start":{"line":9,"column":14},"end":{"line":9,"column":24}},"7":{"start":{"line":10,"column":15},"end":{"line":10,"column":79}},"8":{"start":{"line":11,"column":16},"end":{"line":11,"column":58}},"9":{"start":{"line":12,"column":2},"end":{"line":12,"column":53}},"10":{"start":{"line":16,"column":16},"end":{"line":16,"column":33}},"11":{"start":{"line":17,"column":15},"end":{"line":17,"column":44}},"12":{"start":{"line":18,"column":16},"end":{"line":18,"column":45}},"13":{"start":{"line":19,"column":19},"end":{"line":19,"column":33}},"14":{"start":{"line":20,"column":18},"end":{"line":20,"column":52}},"15":{"start":{"line":21,"column":17},"end":{"line":21,"column":64}},"16":{"start":{"line":22,"column":2},"end":{"line":22,"column":30}},"17":{"start":{"line":30,"column":23},"end":{"line":30,"column":57}},"18":{"start":{"line":31,"column":31},"end":{"line":31,"column":63}},"19":{"start":{"line":33,"column":2},"end":{"line":33,"column":105}},"20":{"start":{"line":35,"column":28},"end":{"line":38,"column":4}},"21":{"start":{"line":40,"column":28},"end":{"line":40,"column":67}},"22":{"start":{"line":42,"column":17},"end":{"line":48,"column":null}},"23":{"start":{"line":43,"column":17},"end":{"line":47,"column":6}},"24":{"start":{"line":51,"column":35},"end":{"line":61,"column":4}},"25":{"start":{"line":63,"column":2},"end":{"line":68,"column":5}},"26":{"start":{"line":70,"column":2},"end":{"line":70,"column":16}}},"fnMap":{"0":{"name":"getPreviousMonthPeriod","decl":{"start":{"line":8,"column":16},"end":{"line":8,"column":38}},"loc":{"start":{"line":8,"column":38},"end":{"line":13,"column":1}}},"1":{"name":"getPeriodDateRange","decl":{"start":{"line":15,"column":16},"end":{"line":15,"column":34}},"loc":{"start":{"line":15,"column":49},"end":{"line":23,"column":1}}},"2":{"name":"generateCommissionReport","decl":{"start":{"line":25,"column":22},"end":{"line":25,"column":46}},"loc":{"start":{"line":28,"column":17},"end":{"line":71,"column":1}}},"3":{"name":"(anonymous_4)","decl":{"start":{"line":43,"column":4},"end":{"line":43,"column":5}},"loc":{"start":{"line":43,"column":17},"end":{"line":47,"column":6}}}},"branchMap":{"0":{"loc":{"start":{"line":10,"column":15},"end":{"line":10,"column":79}},"type":"cond-expr","locations":[{"start":{"line":10,"column":38},"end":{"line":10,"column":59}},{"start":{"line":10,"column":62},"end":{"line":10,"column":79}}]},"1":{"loc":{"start":{"line":11,"column":16},"end":{"line":11,"column":58}},"type":"cond-expr","locations":[{"start":{"line":11,"column":39},"end":{"line":11,"column":41}},{"start":{"line":11,"column":44},"end":{"line":11,"column":58}}]},"2":{"loc":{"start":{"line":17,"column":24},"end":{"line":17,"column":39}},"type":"binary-expr","locations":[{"start":{"line":17,"column":24},"end":{"line":17,"column":32}},{"start":{"line":17,"column":36},"end":{"line":17,"column":39}}]},"3":{"loc":{"start":{"line":18,"column":25},"end":{"line":18,"column":40}},"type":"binary-expr","locations":[{"start":{"line":18,"column":25},"end":{"line":18,"column":33}},{"start":{"line":18,"column":37},"end":{"line":18,"column":40}}]},"4":{"loc":{"start":{"line":30,"column":23},"end":{"line":30,"column":57}},"type":"binary-expr","locations":[{"start":{"line":30,"column":23},"end":{"line":30,"column":29}},{"start":{"line":30,"column":33},"end":{"line":30,"column":57}}]}},"s":{"0":1,"1":1,"2":1,"3":1,"4":1,"5":1,"6":0,"7":0,"8":0,"9":0,"10":3,"11":3,"12":3,"13":3,"14":3,"15":3,"16":3,"17":3,"18":3,"19":3,"20":3,"21":3,"22":3,"23":6,"24":3,"25":3,"26":3},"f":{"0":0,"1":3,"2":3,"3":6},"b":{"0":[0,0],"1":[0,0],"2":[3,0],"3":[3,0],"4":[3,0]}}
}
