TN:
SF:src/logger.ts
FNF:0
FNH:0
DA:2,2
DA:4,2
DA:13,2
LF:3
LH:3
BRDA:5,0,0,2
BRDA:5,0,1,2
BRF:2
BRH:2
end_of_record
TN:
SF:src/gateway/gateway-client.ts
FN:7,(anonymous_1)
FN:35,(anonymous_2)
FN:37,(anonymous_3)
FN:59,(anonymous_4)
FNF:4
FNH:4
FNDA:3,(anonymous_1)
FNDA:1,(anonymous_2)
FNDA:5,(anonymous_3)
FNDA:2,(anonymous_4)
DA:2,1
DA:3,1
DA:6,1
DA:7,3
DA:8,3
DA:9,3
DA:13,1
DA:19,1
DA:34,1
DA:35,1
DA:38,5
DA:39,2
DA:40,2
DA:43,3
DA:44,3
DA:45,3
DA:49,0
DA:50,0
DA:52,3
DA:53,2
DA:55,1
DA:60,2
DA:61,1
DA:62,1
DA:65,1
DA:66,1
DA:67,1
DA:70,0
DA:71,0
DA:73,1
DA:74,1
DA:76,0
LF:32
LH:27
BRDA:38,0,0,2
BRDA:52,1,0,2
BRDA:52,2,0,3
BRDA:52,2,1,2
BRDA:60,3,0,1
BRDA:73,4,0,1
BRDA:73,5,0,1
BRDA:73,5,1,1
BRF:8
BRH:8
end_of_record
TN:
SF:src/storage/report-store.ts
FN:15,getDataDir
FN:19,getIndexPath
FN:23,ensureDir
FN:27,readIndex
FN:34,writeIndex
FN:38,saveReport
FN:50,loadReport
FN:61,updateReportStatus
FN:73,listReports
FNF:9
FNH:8
FNDA:13,getDataDir
FNDA:5,getIndexPath
FNDA:5,ensureDir
FNDA:3,readIndex
FNDA:2,writeIndex
FNDA:2,saveReport
FNDA:1,loadReport
FNDA:1,updateReportStatus
FNDA:0,listReports
DA:2,1
DA:3,1
DA:5,1
DA:16,13
DA:20,5
DA:24,5
DA:28,3
DA:29,3
DA:30,3
DA:31,2
DA:35,2
DA:38,1
DA:39,2
DA:40,2
DA:41,2
DA:43,2
DA:44,2
DA:45,2
DA:47,2
DA:50,1
DA:51,1
DA:52,1
DA:53,1
DA:55,1
DA:56,1
DA:58,1
DA:61,1
DA:65,1
DA:66,1
DA:68,1
DA:69,1
DA:70,1
DA:73,1
DA:74,0
LF:34
LH:33
BRDA:16,0,0,13
BRDA:16,0,1,0
BRDA:30,1,0,1
BRDA:53,2,0,0
BRDA:56,3,0,0
BRDA:66,4,0,0
BRF:6
BRH:2
end_of_record
TN:
SF:src/workflows/commission/aggregator.ts
FN:5,aggregateSalesByAgency
FN:6,(anonymous_1)
FN:30,(anonymous_2)
FN:39,(anonymous_3)
FN:40,(anonymous_4)
FNF:5
FNH:5
FNDA:6,aggregateSalesByAgency
FNDA:12,(anonymous_1)
FNDA:60,(anonymous_2)
FNDA:60,(anonymous_3)
FNDA:60,(anonymous_4)
DA:5,1
DA:6,12
DA:8,6
DA:9,6
DA:10,61
DA:11,60
DA:12,60
DA:13,60
DA:16,6
DA:18,6
DA:19,12
DA:21,12
DA:22,12
DA:23,60
DA:24,60
DA:25,60
DA:28,12
DA:29,12
DA:30,60
DA:31,24
DA:39,60
DA:40,60
DA:42,12
DA:53,6
LF:24
LH:24
BRDA:10,0,0,1
BRDA:11,1,0,60
BRDA:11,1,1,12
BRDA:23,2,0,60
BRDA:23,2,1,24
BRDA:33,3,0,24
BRDA:33,3,1,0
BRDA:44,4,0,12
BRDA:44,4,1,0
BRDA:45,5,0,12
BRDA:45,5,1,0
BRF:11
BRH:8
end_of_record
TN:
SF:src/workflows/commission/po-exporter.ts
FN:7,getExportsDir
FN:11,generatePOExport
FN:18,(anonymous_3)
FNF:3
FNH:3
FNDA:1,getExportsDir
FNDA:1,generatePOExport
FNDA:2,(anonymous_3)
DA:2,1
DA:3,1
DA:5,1
DA:8,1
DA:11,1
DA:12,1
DA:13,1
DA:15,1
DA:18,2
DA:29,1
DA:30,1
DA:32,1
DA:34,1
LF:13
LH:13
BRDA:8,0,0,1
BRDA:8,0,1,0
BRF:2
BRH:1
end_of_record
TN:
SF:src/workflows/commission/report-generator.ts
FN:8,getPreviousMonthPeriod
FN:15,getPeriodDateRange
FN:25,generateCommissionReport
FN:43,(anonymous_4)
FNF:4
FNH:3
FNDA:0,getPreviousMonthPeriod
FNDA:3,getPeriodDateRange
FNDA:3,generateCommissionReport
FNDA:6,(anonymous_4)
DA:2,1
DA:4,1
DA:6,1
DA:8,1
DA:9,0
DA:10,0
DA:11,0
DA:12,0
DA:15,1
DA:16,3
DA:17,3
DA:18,3
DA:19,3
DA:20,3
DA:21,3
DA:22,3
DA:25,1
DA:30,3
DA:31,3
DA:33,3
DA:35,3
DA:40,3
DA:42,3
DA:43,6
DA:51,3
DA:63,3
DA:70,3
LF:27
LH:23
BRDA:10,0,0,0
BRDA:10,0,1,0
BRDA:11,1,0,0
BRDA:11,1,1,0
BRDA:17,2,0,3
BRDA:17,2,1,0
BRDA:18,3,0,3
BRDA:18,3,1,0
BRDA:30,4,0,3
BRDA:30,4,1,0
BRF:10
BRH:3
end_of_record
