{"/Users/t966632/Desktop/Cursor/CRM/modular-salgslosning/Route planning module/src/logger.ts": {"path":"/Users/t966632/Desktop/Cursor/CRM/modular-salgslosning/Route planning module/src/logger.ts","statementMap":{"0":{"start":{"line":2,"column":0},"end":{"line":2,"column":30}},"1":{"start":{"line":4,"column":15},"end":{"line":11,"column":2}},"2":{"start":{"line":13,"column":0},"end":{"line":13,"column":22}}},"fnMap":{},"branchMap":{"0":{"loc":{"start":{"line":5,"column":9},"end":{"line":5,"column":40}},"type":"binary-expr","locations":[{"start":{"line":5,"column":9},"end":{"line":5,"column":30}},{"start":{"line":5,"column":34},"end":{"line":5,"column":40}}]}},"s":{"0":1,"1":1,"2":1},"f":{},"b":{"0":[1,1]}}
,"/Users/t966632/Desktop/Cursor/CRM/modular-salgslosning/Route planning module/src/events/in-memory-event-bus.ts": {"path":"/Users/t966632/Desktop/Cursor/CRM/modular-salgslosning/Route planning module/src/events/in-memory-event-bus.ts","statementMap":{"0":{"start":{"line":3,"column":0},"end":{"line":3,"column":31}},"1":{"start":{"line":6,"column":10},"end":{"line":6,"column":88}},"2":{"start":{"line":9,"column":4},"end":{"line":9,"column":55}},"3":{"start":{"line":10,"column":21},"end":{"line":10,"column":51}},"4":{"start":{"line":11,"column":4},"end":{"line":11,"column":55}},"5":{"start":{"line":11,"column":42},"end":{"line":11,"column":52}},"6":{"start":{"line":15,"column":21},"end":{"line":15,"column":51}},"7":{"start":{"line":16,"column":4},"end":{"line":16,"column":53}},"8":{"start":{"line":5,"column":0},"end":{"line":5,"column":13}}},"fnMap":{"0":{"name":"(anonymous_1)","decl":{"start":{"line":5,"column":0},"end":{"line":5,"column":13}},"loc":{"start":{"line":5,"column":0},"end":{"line":18,"column":1}}},"1":{"name":"(anonymous_2)","decl":{"start":{"line":8,"column":2},"end":{"line":8,"column":7}},"loc":{"start":{"line":8,"column":47},"end":{"line":12,"column":3}}},"2":{"name":"(anonymous_3)","decl":{"start":{"line":11,"column":35},"end":{"line":11,"column":36}},"loc":{"start":{"line":11,"column":42},"end":{"line":11,"column":52}}},"3":{"name":"(anonymous_4)","decl":{"start":{"line":14,"column":2},"end":{"line":14,"column":11}},"loc":{"start":{"line":14,"column":71},"end":{"line":17,"column":3}}}},"branchMap":{"0":{"loc":{"start":{"line":10,"column":21},"end":{"line":10,"column":51}},"type":"binary-expr","locations":[{"start":{"line":10,"column":21},"end":{"line":10,"column":45}},{"start":{"line":10,"column":49},"end":{"line":10,"column":51}}]},"1":{"loc":{"start":{"line":15,"column":21},"end":{"line":15,"column":51}},"type":"binary-expr","locations":[{"start":{"line":15,"column":21},"end":{"line":15,"column":45}},{"start":{"line":15,"column":49},"end":{"line":15,"column":51}}]}},"s":{"0":1,"1":3,"2":2,"3":2,"4":2,"5":2,"6":3,"7":3,"8":1},"f":{"0":3,"1":2,"2":2,"3":3},"b":{"0":[2,0],"1":[3,3]}}
,"/Users/t966632/Desktop/Cursor/CRM/modular-salgslosning/Route planning module/src/logic/progress-calculator.ts": {"path":"/Users/t966632/Desktop/Cursor/CRM/modular-salgslosning/Route planning module/src/logic/progress-calculator.ts","statementMap":{"0":{"start":{"line":4,"column":0},"end":{"line":4,"column":16}},"1":{"start":{"line":10,"column":22},"end":{"line":10,"column":66}},"2":{"start":{"line":10,"column":43},"end":{"line":10,"column":65}},"3":{"start":{"line":11,"column":19},"end":{"line":11,"column":80}},"4":{"start":{"line":11,"column":65},"end":{"line":11,"column":78}},"5":{"start":{"line":13,"column":19},"end":{"line":13,"column":20}},"6":{"start":{"line":14,"column":21},"end":{"line":14,"column":22}},"7":{"start":{"line":15,"column":20},"end":{"line":15,"column":21}},"8":{"start":{"line":16,"column":22},"end":{"line":16,"column":23}},"9":{"start":{"line":17,"column":19},"end":{"line":17,"column":20}},"10":{"start":{"line":18,"column":24},"end":{"line":18,"column":25}},"11":{"start":{"line":20,"column":47},"end":{"line":20,"column":49}},"12":{"start":{"line":22,"column":2},"end":{"line":71,"column":3}},"13":{"start":{"line":23,"column":21},"end":{"line":23,"column":63}},"14":{"start":{"line":23,"column":43},"end":{"line":23,"column":62}},"15":{"start":{"line":24,"column":4},"end":{"line":24,"column":28}},"16":{"start":{"line":24,"column":19},"end":{"line":24,"column":28}},"17":{"start":{"line":26,"column":26},"end":{"line":26,"column":74}},"18":{"start":{"line":26,"column":46},"end":{"line":26,"column":73}},"19":{"start":{"line":27,"column":19},"end":{"line":27,"column":20}},"20":{"start":{"line":28,"column":17},"end":{"line":28,"column":18}},"21":{"start":{"line":30,"column":4},"end":{"line":56,"column":5}},"22":{"start":{"line":31,"column":6},"end":{"line":31,"column":19}},"23":{"start":{"line":32,"column":20},"end":{"line":32,"column":41}},"24":{"start":{"line":33,"column":6},"end":{"line":33,"column":61}},"25":{"start":{"line":33,"column":52},"end":{"line":33,"column":61}},"26":{"start":{"line":35,"column":6},"end":{"line":35,"column":21}},"27":{"start":{"line":36,"column":6},"end":{"line":36,"column":17}},"28":{"start":{"line":38,"column":6},"end":{"line":55,"column":7}},"29":{"start":{"line":40,"column":10},"end":{"line":40,"column":24}},"30":{"start":{"line":41,"column":10},"end":{"line":41,"column":16}},"31":{"start":{"line":43,"column":10},"end":{"line":43,"column":26}},"32":{"start":{"line":44,"column":10},"end":{"line":44,"column":16}},"33":{"start":{"line":46,"column":10},"end":{"line":46,"column":23}},"34":{"start":{"line":47,"column":10},"end":{"line":47,"column":16}},"35":{"start":{"line":50,"column":10},"end":{"line":50,"column":28}},"36":{"start":{"line":51,"column":10},"end":{"line":51,"column":19}},"37":{"start":{"line":52,"column":10},"end":{"line":52,"column":16}},"38":{"start":{"line":54,"column":10},"end":{"line":54,"column":16}},"39":{"start":{"line":58,"column":19},"end":{"line":58,"column":39}},"40":{"start":{"line":59,"column":46},"end":{"line":59,"column":59}},"41":{"start":{"line":60,"column":4},"end":{"line":60,"column":67}},"42":{"start":{"line":60,"column":43},"end":{"line":60,"column":67}},"43":{"start":{"line":61,"column":4},"end":{"line":61,"column":64}},"44":{"start":{"line":61,"column":42},"end":{"line":61,"column":64}},"45":{"start":{"line":63,"column":4},"end":{"line":70,"column":7}},"46":{"start":{"line":73,"column":28},"end":{"line":73,"column":96}},"47":{"start":{"line":75,"column":2},"end":{"line":85,"column":4}}},"fnMap":{"0":{"name":"calculateRouteProgress","decl":{"start":{"line":4,"column":16},"end":{"line":4,"column":38}},"loc":{"start":{"line":8,"column":17},"end":{"line":86,"column":1}}},"1":{"name":"(anonymous_1)","decl":{"start":{"line":10,"column":36},"end":{"line":10,"column":37}},"loc":{"start":{"line":10,"column":43},"end":{"line":10,"column":65}}},"2":{"name":"(anonymous_2)","decl":{"start":{"line":11,"column":58},"end":{"line":11,"column":59}},"loc":{"start":{"line":11,"column":65},"end":{"line":11,"column":78}}},"3":{"name":"(anonymous_3)","decl":{"start":{"line":23,"column":36},"end":{"line":23,"column":37}},"loc":{"start":{"line":23,"column":43},"end":{"line":23,"column":62}}},"4":{"name":"(anonymous_4)","decl":{"start":{"line":26,"column":39},"end":{"line":26,"column":40}},"loc":{"start":{"line":26,"column":46},"end":{"line":26,"column":73}}}},"branchMap":{"0":{"loc":{"start":{"line":24,"column":4},"end":{"line":24,"column":28}},"type":"if","locations":[{"start":{"line":24,"column":4},"end":{"line":24,"column":28}}]},"1":{"loc":{"start":{"line":33,"column":6},"end":{"line":33,"column":61}},"type":"if","locations":[{"start":{"line":33,"column":6},"end":{"line":33,"column":61}}]},"2":{"loc":{"start":{"line":33,"column":10},"end":{"line":33,"column":50}},"type":"binary-expr","locations":[{"start":{"line":33,"column":10},"end":{"line":33,"column":16}},{"start":{"line":33,"column":20},"end":{"line":33,"column":50}}]},"3":{"loc":{"start":{"line":38,"column":6},"end":{"line":55,"column":7}},"type":"switch","locations":[{"start":{"line":39,"column":8},"end":{"line":41,"column":16}},{"start":{"line":42,"column":8},"end":{"line":44,"column":16}},{"start":{"line":45,"column":8},"end":{"line":47,"column":16}},{"start":{"line":48,"column":8},"end":{"line":48,"column":31}},{"start":{"line":49,"column":8},"end":{"line":52,"column":16}},{"start":{"line":53,"column":8},"end":{"line":54,"column":16}}]},"4":{"loc":{"start":{"line":60,"column":4},"end":{"line":60,"column":67}},"type":"if","locations":[{"start":{"line":60,"column":4},"end":{"line":60,"column":67}}]},"5":{"loc":{"start":{"line":60,"column":8},"end":{"line":60,"column":41}},"type":"binary-expr","locations":[{"start":{"line":60,"column":8},"end":{"line":60,"column":20}},{"start":{"line":60,"column":24},"end":{"line":60,"column":41}}]},"6":{"loc":{"start":{"line":61,"column":4},"end":{"line":61,"column":64}},"type":"if","locations":[{"start":{"line":61,"column":4},"end":{"line":61,"column":64}}]},"7":{"loc":{"start":{"line":61,"column":8},"end":{"line":61,"column":40}},"type":"binary-expr","locations":[{"start":{"line":61,"column":8},"end":{"line":61,"column":18}},{"start":{"line":61,"column":22},"end":{"line":61,"column":40}}]},"8":{"loc":{"start":{"line":73,"column":28},"end":{"line":73,"column":96}},"type":"cond-expr","locations":[{"start":{"line":73,"column":47},"end":{"line":73,"column":48}},{"start":{"line":73,"column":51},"end":{"line":73,"column":96}}]}},"s":{"0":2,"1":9,"2":21,"3":9,"4":21,"5":9,"6":9,"7":9,"8":9,"9":9,"10":9,"11":9,"12":9,"13":15,"14":21,"15":15,"16":0,"17":15,"18":69,"19":15,"20":15,"21":15,"22":39,"23":39,"24":39,"25":18,"26":21,"27":21,"28":21,"29":11,"30":11,"31":3,"32":3,"33":3,"34":3,"35":4,"36":4,"37":4,"38":0,"39":15,"40":15,"41":15,"42":4,"43":15,"44":6,"45":15,"46":9,"47":9},"f":{"0":9,"1":21,"2":21,"3":21,"4":69},"b":{"0":[0],"1":[18],"2":[39,21],"3":[11,3,3,3,4,0],"4":[4],"5":[15,10],"6":[6],"7":[15,15],"8":[0,9]}}
,"/Users/t966632/Desktop/Cursor/CRM/modular-salgslosning/Route planning module/src/logic/route-validator.ts": {"path":"/Users/t966632/Desktop/Cursor/CRM/modular-salgslosning/Route planning module/src/logic/route-validator.ts","statementMap":{"0":{"start":{"line":11,"column":0},"end":{"line":11,"column":16}},"1":{"start":{"line":24,"column":0},"end":{"line":24,"column":16}},"2":{"start":{"line":32,"column":0},"end":{"line":32,"column":16}},"3":{"start":{"line":6,"column":4},"end":{"line":6,"column":19}},"4":{"start":{"line":7,"column":4},"end":{"line":7,"column":39}},"5":{"start":{"line":4,"column":0},"end":{"line":4,"column":13}},"6":{"start":{"line":12,"column":2},"end":{"line":16,"column":3}},"7":{"start":{"line":13,"column":4},"end":{"line":15,"column":6}},"8":{"start":{"line":17,"column":2},"end":{"line":21,"column":3}},"9":{"start":{"line":18,"column":4},"end":{"line":20,"column":6}},"10":{"start":{"line":25,"column":2},"end":{"line":29,"column":3}},"11":{"start":{"line":26,"column":4},"end":{"line":28,"column":6}},"12":{"start":{"line":37,"column":2},"end":{"line":37,"column":74}},"13":{"start":{"line":37,"column":28},"end":{"line":37,"column":72}}},"fnMap":{"0":{"name":"(anonymous_0)","decl":{"start":{"line":5,"column":2},"end":{"line":5,"column":14}},"loc":{"start":{"line":5,"column":29},"end":{"line":8,"column":3}}},"1":{"name":"validateStartRoute","decl":{"start":{"line":11,"column":16},"end":{"line":11,"column":34}},"loc":{"start":{"line":11,"column":77},"end":{"line":22,"column":1}}},"2":{"name":"validateCompleteRoute","decl":{"start":{"line":24,"column":16},"end":{"line":24,"column":37}},"loc":{"start":{"line":24,"column":60},"end":{"line":30,"column":1}}},"3":{"name":"findExistingVisit","decl":{"start":{"line":32,"column":16},"end":{"line":32,"column":33}},"loc":{"start":{"line":35,"column":16},"end":{"line":38,"column":1}}},"4":{"name":"(anonymous_4)","decl":{"start":{"line":37,"column":21},"end":{"line":37,"column":22}},"loc":{"start":{"line":37,"column":28},"end":{"line":37,"column":72}}}},"branchMap":{"0":{"loc":{"start":{"line":12,"column":2},"end":{"line":16,"column":3}},"type":"if","locations":[{"start":{"line":12,"column":2},"end":{"line":16,"column":3}}]},"1":{"loc":{"start":{"line":17,"column":2},"end":{"line":21,"column":3}},"type":"if","locations":[{"start":{"line":17,"column":2},"end":{"line":21,"column":3}}]},"2":{"loc":{"start":{"line":25,"column":2},"end":{"line":29,"column":3}},"type":"if","locations":[{"start":{"line":25,"column":2},"end":{"line":29,"column":3}}]},"3":{"loc":{"start":{"line":37,"column":28},"end":{"line":37,"column":72}},"type":"binary-expr","locations":[{"start":{"line":37,"column":28},"end":{"line":37,"column":49}},{"start":{"line":37,"column":53},"end":{"line":37,"column":72}}]}},"s":{"0":1,"1":1,"2":1,"3":5,"4":5,"5":1,"6":4,"7":1,"8":3,"9":2,"10":3,"11":2,"12":3,"13":3},"f":{"0":5,"1":4,"2":3,"3":3,"4":3},"b":{"0":[1],"1":[2],"2":[2],"3":[3,2]}}
}
