TN:
SF:src/logger.ts
FNF:0
FNH:0
DA:2,1
DA:4,1
DA:13,1
LF:3
LH:3
BRDA:5,0,0,1
BRDA:5,0,1,1
BRF:2
BRH:2
end_of_record
TN:
SF:src/events/in-memory-event-bus.ts
FN:5,(anonymous_1)
FN:8,(anonymous_2)
FN:11,(anonymous_3)
FN:14,(anonymous_4)
FNF:4
FNH:4
FNDA:3,(anonymous_1)
FNDA:2,(anonymous_2)
FNDA:2,(anonymous_3)
FNDA:3,(anonymous_4)
DA:3,1
DA:5,1
DA:6,3
DA:9,2
DA:10,2
DA:11,2
DA:15,3
DA:16,3
LF:8
LH:8
BRDA:10,0,0,2
BRDA:10,0,1,0
BRDA:15,1,0,3
BRDA:15,1,1,3
BRF:4
BRH:3
end_of_record
TN:
SF:src/logic/progress-calculator.ts
FN:4,calculateRouteProgress
FN:10,(anonymous_1)
FN:11,(anonymous_2)
FN:23,(anonymous_3)
FN:26,(anonymous_4)
FNF:5
FNH:5
FNDA:9,calculateRouteProgress
FNDA:21,(anonymous_1)
FNDA:21,(anonymous_2)
FNDA:21,(anonymous_3)
FNDA:69,(anonymous_4)
DA:4,2
DA:10,21
DA:11,21
DA:13,9
DA:14,9
DA:15,9
DA:16,9
DA:17,9
DA:18,9
DA:20,9
DA:22,9
DA:23,21
DA:24,15
DA:26,69
DA:27,15
DA:28,15
DA:30,15
DA:31,39
DA:32,39
DA:33,39
DA:35,21
DA:36,21
DA:38,21
DA:40,11
DA:41,11
DA:43,3
DA:44,3
DA:46,3
DA:47,3
DA:50,4
DA:51,4
DA:52,4
DA:54,0
DA:58,15
DA:59,15
DA:60,15
DA:61,15
DA:63,15
DA:73,9
DA:75,9
LF:40
LH:39
BRDA:24,0,0,0
BRDA:33,1,0,18
BRDA:33,2,0,39
BRDA:33,2,1,21
BRDA:38,3,0,11
BRDA:38,3,1,3
BRDA:38,3,2,3
BRDA:38,3,3,3
BRDA:38,3,4,4
BRDA:38,3,5,0
BRDA:60,4,0,4
BRDA:60,5,0,15
BRDA:60,5,1,10
BRDA:61,6,0,6
BRDA:61,7,0,15
BRDA:61,7,1,15
BRDA:73,8,0,0
BRDA:73,8,1,9
BRF:18
BRH:15
end_of_record
TN:
SF:src/logic/route-validator.ts
FN:5,(anonymous_0)
FN:11,validateStartRoute
FN:24,validateCompleteRoute
FN:32,findExistingVisit
FN:37,(anonymous_4)
FNF:5
FNH:5
FNDA:5,(anonymous_0)
FNDA:4,validateStartRoute
FNDA:3,validateCompleteRoute
FNDA:3,findExistingVisit
FNDA:3,(anonymous_4)
DA:4,1
DA:6,5
DA:7,5
DA:11,1
DA:12,4
DA:13,1
DA:17,3
DA:18,2
DA:24,1
DA:25,3
DA:26,2
DA:32,1
DA:37,3
LF:13
LH:13
BRDA:12,0,0,1
BRDA:17,1,0,2
BRDA:25,2,0,2
BRDA:37,3,0,3
BRDA:37,3,1,2
BRF:5
BRH:5
end_of_record
